Start testing: Sep 07 18:00 JST
----------------------------------------------------------
1/1 Testing: my_unit_test
1/1 Test: my_unit_test
Command: "/mnt/30A83E93A83E5794/2023/Ritsumeikan/MyLeetCode/LeetCodeMaster/code/build/my_test"
Directory: /mnt/30A83E93A83E5794/2023/Ritsumeikan/MyLeetCode/LeetCodeMaster/code/build
"my_unit_test" start time: Sep 07 18:00 JST
Output:
----------------------------------------------------------
Test remove-element-test...                     [ OK ]
SUCCESS: All unit tests have passed.
<end of output>
Test time =   0.00 sec
----------------------------------------------------------
Test Passed.
"my_unit_test" end time: Sep 07 18:00 JST
"my_unit_test" time elapsed: 00:00:00
----------------------------------------------------------

End testing: Sep 07 18:00 JST
